# JRE version: Java(TM) SE Runtime Environment (21.0.6+8) (build 21.0.6+8-LTS-188)
# Java VM: Java HotSpot(TM) 64-Bit Server VM (21.0.6+8-LTS-188, mixed mode, emulated-client, sharing, tiered, compressed oops, compressed class ptrs, g1 gc, windows-amd64)
GC Precious Log:
 CardTable entry size: 512
 Card Set container configuration: InlinePtr #cards 5 size 8 Array Of Cards #cards 12 size 40 Howl #buckets 4 coarsen threshold 1843 Howl Bitmap #cards 512 size 80 coarsen threshold 460 Card regions per heap region 1 cards per card region 2048
 CPUs: 2 total, 2 available
 Memory: 8109M
 Large Page Support: Disabled
 NUMA Support: Disabled
 Compressed Oops: Enabled (32-bit)
 Heap Region Size: 1M
 Heap Min Capacity: 8M
 Heap Initial Capacity: 128M
 Heap Max Capacity: 2028M
 Pre-touch: Disabled
 Parallel Workers: 2
 Concurrent Workers: 1
 Concurrent Refinement Workers: 2
 Periodic GC: Disabled
Heap:
 garbage-first heap   total 137216K, used 122378K [0x0000000081400000, 0x0000000100000000)
  region size 1024K, 75 young (76800K), 5 survivors (5120K)
 Metaspace       used 105170K, committed 106240K, reserved 1179648K
  class space    used 13732K, committed 14208K, reserved 1048576K
GC Heap History (20 events):
Event: 85459.471 GC heap after
{Heap after GC invocations=203 (full 9):
 garbage-first heap   total 137216K, used 67174K [0x0000000081400000, 0x0000000100000000)
  region size 1024K, 6 young (6144K), 6 survivors (6144K)
 Metaspace       used 102372K, committed 103424K, reserved 1179648K
  class space    used 13488K, committed 13952K, reserved 1048576K
}
Event: 85467.448 GC heap before
{Heap before GC invocations=203 (full 9):
 garbage-first heap   total 137216K, used 74342K [0x0000000081400000, 0x0000000100000000)
  region size 1024K, 14 young (14336K), 6 survivors (6144K)
 Metaspace       used 102450K, committed 103488K, reserved 1179648K
  class space    used 13492K, committed 13952K, reserved 1048576K
}
Event: 85467.542 GC heap after
{Heap after GC invocations=204 (full 10):
 garbage-first heap   total 137216K, used 44043K [0x0000000081400000, 0x0000000100000000)
  region size 1024K, 0 young (0K), 0 survivors (0K)
 Metaspace       used 102368K, committed 103488K, reserved 1179648K
  class space    used 13473K, committed 13952K, reserved 1048576K
}
Event: 85469.410 GC heap before
{Heap before GC invocations=204 (full 10):
 garbage-first heap   total 137216K, used 101387K [0x0000000081400000, 0x0000000100000000)
  region size 1024K, 58 young (59392K), 0 survivors (0K)
 Metaspace       used 102877K, committed 103872K, reserved 1179648K
  class space    used 13534K, committed 14016K, reserved 1048576K
}
Event: 85469.417 GC heap after
{Heap after GC invocations=205 (full 10):
 garbage-first heap   total 137216K, used 49163K [0x0000000081400000, 0x0000000100000000)
  region size 1024K, 5 young (5120K), 5 survivors (5120K)
 Metaspace       used 102877K, committed 103872K, reserved 1179648K
  class space    used 13534K, committed 14016K, reserved 1048576K
}
Event: 85471.516 GC heap before
{Heap before GC invocations=206 (full 10):
 garbage-first heap   total 137216K, used 122891K [0x0000000081400000, 0x0000000100000000)
  region size 1024K, 76 young (77824K), 5 survivors (5120K)
 Metaspace       used 103299K, committed 104256K, reserved 1179648K
  class space    used 13573K, committed 14016K, reserved 1048576K
}
Event: 85471.527 GC heap after
{Heap after GC invocations=207 (full 10):
 garbage-first heap   total 137216K, used 51723K [0x0000000081400000, 0x0000000100000000)
  region size 1024K, 8 young (8192K), 8 survivors (8192K)
 Metaspace       used 103299K, committed 104256K, reserved 1179648K
  class space    used 13573K, committed 14016K, reserved 1048576K
}
Event: 85472.331 GC heap before
{Heap before GC invocations=207 (full 10):
 garbage-first heap   total 137216K, used 119307K [0x0000000081400000, 0x0000000100000000)
  region size 1024K, 74 young (75776K), 8 survivors (8192K)
 Metaspace       used 103977K, committed 104960K, reserved 1179648K
  class space    used 13620K, committed 14080K, reserved 1048576K
}
Event: 85472.346 GC heap after
{Heap after GC invocations=208 (full 10):
 garbage-first heap   total 137216K, used 54900K [0x0000000081400000, 0x0000000100000000)
  region size 1024K, 7 young (7168K), 7 survivors (7168K)
 Metaspace       used 103977K, committed 104960K, reserved 1179648K
  class space    used 13620K, committed 14080K, reserved 1048576K
}
Event: 85530.643 GC heap before
{Heap before GC invocations=208 (full 10):
 garbage-first heap   total 137216K, used 120436K [0x0000000081400000, 0x0000000100000000)
  region size 1024K, 71 young (72704K), 7 survivors (7168K)
 Metaspace       used 104067K, committed 105088K, reserved 1179648K
  class space    used 13627K, committed 14080K, reserved 1048576K
}
Event: 85530.679 GC heap after
{Heap after GC invocations=209 (full 10):
 garbage-first heap   total 137216K, used 56149K [0x0000000081400000, 0x0000000100000000)
  region size 1024K, 5 young (5120K), 5 survivors (5120K)
 Metaspace       used 104067K, committed 105088K, reserved 1179648K
  class space    used 13627K, committed 14080K, reserved 1048576K
}
Event: 85650.233 GC heap before
{Heap before GC invocations=210 (full 10):
 garbage-first heap   total 137216K, used 122709K [0x0000000081400000, 0x0000000100000000)
  region size 1024K, 70 young (71680K), 5 survivors (5120K)
 Metaspace       used 104075K, committed 105088K, reserved 1179648K
  class space    used 13628K, committed 14080K, reserved 1048576K
}
Event: 85650.256 GC heap after
{Heap after GC invocations=211 (full 10):
 garbage-first heap   total 137216K, used 55492K [0x0000000081400000, 0x0000000100000000)
  region size 1024K, 4 young (4096K), 4 survivors (4096K)
 Metaspace       used 104075K, committed 105088K, reserved 1179648K
  class space    used 13628K, committed 14080K, reserved 1048576K
}
Event: 85692.678 GC heap before
{Heap before GC invocations=211 (full 10):
 garbage-first heap   total 137216K, used 81092K [0x0000000081400000, 0x0000000100000000)
  region size 1024K, 30 young (30720K), 4 survivors (4096K)
 Metaspace       used 104078K, committed 105088K, reserved 1179648K
  class space    used 13628K, committed 14080K, reserved 1048576K
}
Event: 85692.777 GC heap after
{Heap after GC invocations=212 (full 11):
 garbage-first heap   total 137216K, used 41332K [0x0000000081400000, 0x0000000100000000)
  region size 1024K, 0 young (0K), 0 survivors (0K)
 Metaspace       used 103911K, committed 105088K, reserved 1179648K
  class space    used 13588K, committed 14080K, reserved 1048576K
}
Event: 85696.996 GC heap before
{Heap before GC invocations=212 (full 11):
 garbage-first heap   total 137216K, used 102772K [0x0000000081400000, 0x0000000100000000)
  region size 1024K, 62 young (63488K), 0 survivors (0K)
 Metaspace       used 104496K, committed 105536K, reserved 1179648K
  class space    used 13669K, committed 14144K, reserved 1048576K
}
Event: 85697.006 GC heap after
{Heap after GC invocations=213 (full 11):
 garbage-first heap   total 137216K, used 47215K [0x0000000081400000, 0x0000000100000000)
  region size 1024K, 6 young (6144K), 6 survivors (6144K)
 Metaspace       used 104496K, committed 105536K, reserved 1179648K
  class space    used 13669K, committed 14144K, reserved 1048576K
}
Event: 85706.306 GC heap before
{Heap before GC invocations=214 (full 11):
 garbage-first heap   total 137216K, used 122991K [0x0000000081400000, 0x0000000100000000)
  region size 1024K, 79 young (80896K), 6 survivors (6144K)
 Metaspace       used 104968K, committed 106048K, reserved 1179648K
  class space    used 13720K, committed 14208K, reserved 1048576K
}
Event: 85706.324 GC heap after
{Heap after GC invocations=215 (full 11):
 garbage-first heap   total 137216K, used 50698K [0x0000000081400000, 0x0000000100000000)
  region size 1024K, 5 young (5120K), 5 survivors (5120K)
 Metaspace       used 104968K, committed 106048K, reserved 1179648K
  class space    used 13720K, committed 14208K, reserved 1048576K
}
Event: 85872.834 GC heap before
{Heap before GC invocations=215 (full 11):
 garbage-first heap   total 137216K, used 122378K [0x0000000081400000, 0x0000000100000000)
  region size 1024K, 75 young (76800K), 5 survivors (5120K)
 Metaspace       used 105170K, committed 106240K, reserved 1179648K
  class space    used 13732K, committed 14208K, reserved 1048576K
}

