# JRE version: Java(TM) SE Runtime Environment (21.0.6+8) (build 21.0.6+8-LTS-188)
# Java VM: Java HotSpot(TM) 64-Bit Server VM (21.0.6+8-LTS-188, mixed mode, emulated-client, sharing, tiered, compressed oops, compressed class ptrs, g1 gc, windows-amd64)
GC Precious Log:
 CardTable entry size: 512
 Card Set container configuration: InlinePtr #cards 5 size 8 Array Of Cards #cards 12 size 40 Howl #buckets 4 coarsen threshold 1843 Howl Bitmap #cards 512 size 80 coarsen threshold 460 Card regions per heap region 1 cards per card region 2048
 CPUs: 2 total, 2 available
 Memory: 8109M
 Large Page Support: Disabled
 NUMA Support: Disabled
 Compressed Oops: Enabled (32-bit)
 Heap Region Size: 1M
 Heap Min Capacity: 8M
 Heap Initial Capacity: 128M
 Heap Max Capacity: 2028M
 Pre-touch: Disabled
 Parallel Workers: 2
 Concurrent Workers: 1
 Concurrent Refinement Workers: 2
 Periodic GC: Disabled
Heap:
 garbage-first heap   total 137216K, used 124431K [0x0000000081400000, 0x0000000100000000)
  region size 1024K, 79 young (80896K), 6 survivors (6144K)
 Metaspace       used 105354K, committed 106432K, reserved 1179648K
  class space    used 13815K, committed 14272K, reserved 1048576K
GC Heap History (20 events):
Event: 8216.854 GC heap after
{Heap after GC invocations=202 (full 8):
 garbage-first heap   total 137216K, used 52862K [0x0000000081400000, 0x0000000100000000)
  region size 1024K, 7 young (7168K), 7 survivors (7168K)
 Metaspace       used 103627K, committed 104704K, reserved 1179648K
  class space    used 13658K, committed 14144K, reserved 1048576K
}
Event: 8217.072 GC heap before
{Heap before GC invocations=202 (full 8):
 garbage-first heap   total 137216K, used 71294K [0x0000000081400000, 0x0000000100000000)
  region size 1024K, 26 young (26624K), 7 survivors (7168K)
 Metaspace       used 103789K, committed 104896K, reserved 1179648K
  class space    used 13673K, committed 14144K, reserved 1048576K
}
Event: 8217.082 GC heap after
{Heap after GC invocations=203 (full 8):
 garbage-first heap   total 137216K, used 53760K [0x0000000081400000, 0x0000000100000000)
  region size 1024K, 5 young (5120K), 5 survivors (5120K)
 Metaspace       used 103789K, committed 104896K, reserved 1179648K
  class space    used 13673K, committed 14144K, reserved 1048576K
}
Event: 8222.803 GC heap before
{Heap before GC invocations=204 (full 8):
 garbage-first heap   total 137216K, used 123392K [0x0000000081400000, 0x0000000100000000)
  region size 1024K, 73 young (74752K), 5 survivors (5120K)
 Metaspace       used 104263K, committed 105408K, reserved 1179648K
  class space    used 13715K, committed 14208K, reserved 1048576K
}
Event: 8222.816 GC heap after
{Heap after GC invocations=205 (full 8):
 garbage-first heap   total 137216K, used 56832K [0x0000000081400000, 0x0000000100000000)
  region size 1024K, 8 young (8192K), 8 survivors (8192K)
 Metaspace       used 104263K, committed 105408K, reserved 1179648K
  class space    used 13715K, committed 14208K, reserved 1048576K
}
Event: 8295.101 GC heap before
{Heap before GC invocations=205 (full 8):
 garbage-first heap   total 137216K, used 120320K [0x0000000081400000, 0x0000000100000000)
  region size 1024K, 70 young (71680K), 8 survivors (8192K)
 Metaspace       used 104263K, committed 105408K, reserved 1179648K
  class space    used 13715K, committed 14208K, reserved 1048576K
}
Event: 8295.115 GC heap after
{Heap after GC invocations=206 (full 8):
 garbage-first heap   total 137216K, used 56650K [0x0000000081400000, 0x0000000100000000)
  region size 1024K, 5 young (5120K), 5 survivors (5120K)
 Metaspace       used 104263K, committed 105408K, reserved 1179648K
  class space    used 13715K, committed 14208K, reserved 1048576K
}
Event: 8371.183 GC heap before
{Heap before GC invocations=206 (full 8):
 garbage-first heap   total 137216K, used 123210K [0x0000000081400000, 0x0000000100000000)
  region size 1024K, 70 young (71680K), 5 survivors (5120K)
 Metaspace       used 104263K, committed 105408K, reserved 1179648K
  class space    used 13715K, committed 14208K, reserved 1048576K
}
Event: 8371.192 GC heap after
{Heap after GC invocations=207 (full 8):
 garbage-first heap   total 137216K, used 56650K [0x0000000081400000, 0x0000000100000000)
  region size 1024K, 5 young (5120K), 5 survivors (5120K)
 Metaspace       used 104263K, committed 105408K, reserved 1179648K
  class space    used 13715K, committed 14208K, reserved 1048576K
}
Event: 8447.877 GC heap before
{Heap before GC invocations=208 (full 8):
 garbage-first heap   total 137216K, used 123210K [0x0000000081400000, 0x0000000100000000)
  region size 1024K, 70 young (71680K), 5 survivors (5120K)
 Metaspace       used 104121K, committed 105408K, reserved 1179648K
  class space    used 13678K, committed 14208K, reserved 1048576K
}
Event: 8447.899 GC heap after
{Heap after GC invocations=209 (full 8):
 garbage-first heap   total 137216K, used 55964K [0x0000000081400000, 0x0000000100000000)
  region size 1024K, 4 young (4096K), 4 survivors (4096K)
 Metaspace       used 104121K, committed 105408K, reserved 1179648K
  class space    used 13678K, committed 14208K, reserved 1048576K
}
Event: 8525.625 GC heap before
{Heap before GC invocations=209 (full 8):
 garbage-first heap   total 137216K, used 124572K [0x0000000081400000, 0x0000000100000000)
  region size 1024K, 71 young (72704K), 4 survivors (4096K)
 Metaspace       used 104121K, committed 105408K, reserved 1179648K
  class space    used 13678K, committed 14208K, reserved 1048576K
}
Event: 8525.647 GC heap after
{Heap after GC invocations=210 (full 8):
 garbage-first heap   total 137216K, used 53530K [0x0000000081400000, 0x0000000100000000)
  region size 1024K, 4 young (4096K), 4 survivors (4096K)
 Metaspace       used 104121K, committed 105408K, reserved 1179648K
  class space    used 13678K, committed 14208K, reserved 1048576K
}
Event: 8544.642 GC heap before
{Heap before GC invocations=210 (full 8):
 garbage-first heap   total 137216K, used 72986K [0x0000000081400000, 0x0000000100000000)
  region size 1024K, 24 young (24576K), 4 survivors (4096K)
 Metaspace       used 104133K, committed 105408K, reserved 1179648K
  class space    used 13681K, committed 14208K, reserved 1048576K
}
Event: 8544.729 GC heap after
{Heap after GC invocations=211 (full 9):
 garbage-first heap   total 137216K, used 41296K [0x0000000081400000, 0x0000000100000000)
  region size 1024K, 0 young (0K), 0 survivors (0K)
 Metaspace       used 104055K, committed 105408K, reserved 1179648K
  class space    used 13663K, committed 14208K, reserved 1048576K
}
Event: 8548.031 GC heap before
{Heap before GC invocations=211 (full 9):
 garbage-first heap   total 137216K, used 107856K [0x0000000081400000, 0x0000000100000000)
  region size 1024K, 67 young (68608K), 0 survivors (0K)
 Metaspace       used 104754K, committed 105792K, reserved 1179648K
  class space    used 13754K, committed 14208K, reserved 1048576K
}
Event: 8548.042 GC heap after
{Heap after GC invocations=212 (full 9):
 garbage-first heap   total 137216K, used 47952K [0x0000000081400000, 0x0000000100000000)
  region size 1024K, 7 young (7168K), 7 survivors (7168K)
 Metaspace       used 104754K, committed 105792K, reserved 1179648K
  class space    used 13754K, committed 14208K, reserved 1048576K
}
Event: 8549.476 GC heap before
{Heap before GC invocations=213 (full 9):
 garbage-first heap   total 137216K, used 100176K [0x0000000081400000, 0x0000000100000000)
  region size 1024K, 58 young (59392K), 7 survivors (7168K)
 Metaspace       used 105043K, committed 106112K, reserved 1179648K
  class space    used 13796K, committed 14272K, reserved 1048576K
}
Event: 8549.488 GC heap after
{Heap after GC invocations=214 (full 9):
 garbage-first heap   total 137216K, used 49679K [0x0000000081400000, 0x0000000100000000)
  region size 1024K, 3 young (3072K), 3 survivors (3072K)
 Metaspace       used 105043K, committed 106112K, reserved 1179648K
  class space    used 13796K, committed 14272K, reserved 1048576K
}
Event: 8589.788 GC heap before
{Heap before GC invocations=215 (full 9):
 garbage-first heap   total 137216K, used 124431K [0x0000000081400000, 0x0000000100000000)
  region size 1024K, 76 young (77824K), 3 survivors (3072K)
 Metaspace       used 105354K, committed 106432K, reserved 1179648K
  class space    used 13815K, committed 14272K, reserved 1048576K
}

